C:\Program Files (x86)\GnuWin32\bin\make.exe all --print-data-base --no-builtin-variables --no-builtin-rules --question
# GNU Make 3.81
# Copyright (C) 2006  Free Software Foundation, Inc.
# This is free software; see the source for copying conditions.
# There is NO warranty; not even for MERCHANTABILITY or FITNESS FOR A
# PARTICULAR PURPOSE.

# This program built for i386-pc-mingw32
 

# Make data base, printed on Mon May 19 21:47:59 2025

# Variables

# automatic
<D = $(patsubst %/,%,$(dir $<))
# automatic
?F = $(notdir $?)
# environment
VSCODE_CRASH_REPORTER_PROCESS_TYPE = extensionHost
# makefile
MAKEFLAGS = Rrqp
# automatic
?D = $(patsubst %/,%,$(dir $?))
# environment
EFC_8112 = 1
# automatic
@D = $(patsubst %/,%,$(dir $@))
# environment
HOMEDRIVE = C:
# automatic
@F = $(notdir $@)
# automatic
^D = $(patsubst %/,%,$(dir $^))
# makefile
CURDIR := c:/Users/Al240/Documents/GitHub/eecs2 
2l-hw3
# default
SHELL := sh.exe
# environment
WINDIR = C:\WINDOWS
# environment
VSCODE_NLS_CONFIG = {"userLocale":"en-us","osLocale":"en-us","resolvedLanguage":"en","defaultMessagesFile":"C:\\Users\\Al240\\AppData\\Local\\Programs\\Microsoft VS Code\\resources\\app\\out\\nls.messages.json","locale":"en-us","availableLanguages":{}}
# environment
RG_GPU_FRAMEWORK_ENGINE_RESOURCEDIR = C:\Program Files\Red Giant\RGFX
# makefile (from `makefile', line 5)
CFLAGS = -Wall -Wextra -std=c17 -Iinclude
# environment
PATHEXT = .COM;.EXE;.BAT;.CMD;.VBS;.VBE;.JS;.JSE;.WSF;.WSH;.MSC;.PY;.PYW
# makefile (from `makefile', line 1)
MAKEFILE_LIST :=  makefile
# environment
RG_UNIVERSE_FRAMEWORK_RESOURCEDIR = C:\Program Files\Red Giant\RGFX
# environment
FPS_BROWSER_USER_PROFILE_STRING = Default
# makefile (from `makefile', line 7)
DEBUG = -O2 -DNODEBUG
# environment
TMP = C:\Users\Al240\AppData\Local\Temp
# environment
PROGRAMW6432 = C:\Program Files
# makefile (from `makefile', line 15)
OBJS = $(SRCS:.c=.o)
# environment
PROGRAMDATA = C:\ProgramData
# environment
VSCODE_CWD = C:\Users\Al240\AppData\Local\Programs\Microsoft VS Code
# environment
PATH = C:\Program Files (x86)\Common Files\Oracle\Java\java8path;C:\Program Files (x86)\Common Files\Oracle\Java\javapath;C:\Program Files\Python313\Scripts\;C:\Program Files\Python313\;C:\Program Files (x86)\Razer Chroma SDK\bin;C:\Program Files\Razer Chroma SDK\bin;C:\Program Files\BellSoft\LibericaJDK-11\bin\;C:\Program Files\BellSoft\LibericaJDK-21\bin\;C:\WINDOWS\system32;C:\WINDOWS;C:\WINDOWS\System32\Wbem;C:\WINDOWS\System32\WindowsPowerShell\v1.0\;C:\WINDOWS\System32\OpenSSH\;C:\WINDOWS\AtlasModules;C:\WINDOWS\AtlasModules\Tools;C:\WINDOWS\AtlasModules\Scripts;C:\MinGW\bin;C:\Program Files\dotnet\;C:\WINDOWS\system32\config\systemprofile\AppData\Local\Microsoft\WindowsApps;C:\Program Files (x86)\Razer\ChromaBroadcast\bin;C:\Program Files\Razer\ChromaBroadcast\bin;C:\Users\Al240\AppData\Local\Microsoft\WindowsApps;C:\Users\Al240\AppData\Local\spicetify;C:\Users\Al240\AppData\Local\Programs\Microsoft VS Code\bin;C:\Program Files\Git\cmd;C:\Users\Al240\AppData\Local\Microsoft\WindowsApps;C:\Users\Al240\AppData\Local\spicetify;C:\Users\Al240\AppData\Local\Programs\Microsoft VS Code\bin;C:\Users\Al240\AppData\Local\GitHubDesktop\bin
# environment
COMMONPROGRAMW6432 = C:\Program Files\Common Files
# environment
PROCESSOR_ARCHITECTURE = x86
# environment
USERPROFILE = C:\Users\Al240
# environment
ALLUSERSPROFILE = C:\ProgramData
# environment
NUMBER_OF_PROCESSORS = 16
# environment
ELECTRON_RUN_AS_NODE = 1
# default
.FEATURES := target-specific order-only second-expansion else-if archives
# automatic
%F = $(notdir $%)
# environment
CHROME_CRASHPAD_PIPE_NAME = \\.\pipe\crashpad_22284_FVCRYKDVTJVFHGGJ
# environment
COMPUTERNAME = DESKTOP-FEG0RLL
# environment
PROGRAMFILES = C:\Program Files (x86)
# environment
DRIVERDATA = C:\Windows\System32\Drivers\DriverData
# environment
ORIGINAL_XDG_CURRENT_DESKTOP = undefined
# environment
USERNAME = Al240
# environment
PUBLIC = C:\Users\Public
# environment
VSCODE_CODE_CACHE_PATH = C:\Users\Al240\AppData\Roaming\Code\CachedData\848b80aeb52026648a8ff9f7c45a9b0a80641e2e
# environment
APPLICATION_INSIGHTS_NO_DIAGNOSTIC_CHANNEL = true
# environment
COMMONPROGRAMFILES = C:\Program Files (x86)\Common Files
# environment
LOGONSERVER = \\DESKTOP-FEG0RLL
# environment
REDSHIFT_LICENSE = C:\ProgramData\Maxon\RLM\
# environment
VSCODE_HANDLES_UNCAUGHT_ERRORS = true
# environment
USERDOMAIN = DESKTOP-FEG0RLL
# default
MAKE = $(MAKE_COMMAND)
# default
MAKECMDGOALS := all 

# makefile (from `makefile', line 11)
SRCS = src/main.c src/GetReqs.c src/ReportGen.c
# makefile (from `makefile', line 4)
CC = gcc
# environment
VSCODE_ESM_ENTRYPOINT = vs/workbench/api/node/extensionHostProcess
# environment
JAVA_HOME = C:\Program Files\BellSoft\LibericaJDK-21
# default
MAKE_VERSION := 3.81
# makefile
.DEFAULT_GOAL := rdgg-81013165.exe
# environment
PROGRAMFILES(X86) = C:\Program Files (x86)
# automatic
%D = $(patsubst %/,%,$(dir $%))
# makefile (from `makefile', line 6)
LFLAGS = -Wall -Wextra -std=c17 $(DEBUG)
# environment
LOCALAPPDATA = C:\Users\Al240\AppData\Local
# environment
PSMODULEPATH = C:\Program Files\WindowsPowerShell\Modules;C:\WINDOWS\system32\WindowsPowerShell\v1.0\Modules
# default
MAKE_COMMAND := C:/Program Files (x86)/GnuWin32/bin/make
# environment
PROCESSOR_ARCHITEW6432 = AMD64
# default
.VARIABLES := 
# automatic
*F = $(notdir $*)
# environment
PROCESSOR_IDENTIFIER = AMD64 Family 25 Model 97 Stepping 2, AuthenticAMD
# environment
OS = Windows_NT
# environment
VSCODE_IPC_HOOK = \\.\pipe\f6db36c7-1.100.2-main-sock
# environment
HOMEPATH = \Users\Al240
# environment
COMMONPROGRAMFILES(X86) = C:\Program Files (x86)\Common Files
# environment
PROMPT = $P$G
# environment
MFLAGS = -Rrqp
# automatic
*D = $(patsubst %/,%,$(dir $*))
# environment
SYSTEMROOT = C:\WINDOWS
# automatic
+D = $(patsubst %/,%,$(dir $+))
# environment
VSCODE_L10N_BUNDLE_LOCATION = 
# automatic
+F = $(notdir $+)
# environment
APPDATA = C:\Users\Al240\AppData\Roaming
# environment
TEMP = C:\Users\Al240\App 
Data\Local\Temp
# environment
AMDRMPATH = C:\Program Files\AMD\RyzenMaster\
# environment
COMSPEC = C:\WINDOWS\system32\cmd.exe
# default
MAKEFILES := 
# automatic
<F = $(notdir $<)
# environment
LC_ALL = C
# automatic
^F = $(notdir $^)
# default
SUFFIXES := 
# environment
SYSTEMDRIVE = C:
# environment
SESSIONNAME = Console
# environment
PROCESSOR_REVISION = 6102
# environment
VBOX_HWVIRTEX_IGNORE_SVM_IN_USE = 1
# environment
MAKELEVEL := 0
# environment
LANG = C
# environment
PROCESSOR_LEVEL = 25
# environment
FPS_BROWSER_APP_PROFILE_STRING = Internet Explorer
# environment
VSCODE_PID = 22284
# environment
USERDOMAIN_ROAMINGPROFILE = DESKTOP-FEG0RLL
# variable set hash-table stats:
# Load=97/1024=9%, Rehash=0, Collisions=12/119=10%

# Pattern-specific Variable Values

# No pattern-specific variable values.

# Directories

# C:\Program Files\BellSoft\LibericaJDK-11\bin\ (key C:/Program Files/BellSoft/LibericaJDK-11/bin/, mtime 1732753934): 130 files, no impossibilities.
# C:\Users\Al240\AppData\Local\GitHubD 
esktop\bin (key C:/Users/Al240/AppData/Local/GitHubDesktop/bin, mtime 1735024413): 4 files, no impossibilities.
# C:\Program Files (x86)\Razer\ChromaBroadcast\bin: could not be stat'd.
# C:\Users\Al240\AppData\Local\Microsoft\WindowsApps (key C:/Users/Al240/AppData/Local/Microsoft/WindowsApps, mtime 1745477531): 36 files, no impossibilities.
# C:\Program Files (x86)\Razer Chroma SDK\bin: could not be stat'd.
# C:\WINDOWS\System32\WindowsPowerShell\v1.0\ (key C:/WINDOWS/System32/WindowsPowerShell/v1.0/, mtim 
e 1725595878): 33 files, no impossibilities.
# C:\WINDOWS\System32\Wbem (key C:/WINDOWS/System32/Wbem, mtime 1732105781): 158 files, no impossibilities.
# . (key c:/Users/Al240/Documents/GitHub/eecs22l-hw3, mtime 1747712055): 9 files, no impossibilities.
# C:\WINDOWS\AtlasModules (key C:/WINDOWS/AtlasModules, mtime 1730360442): 10 files, no impossibilities.
# C:\Program Files\dotnet\ (key C:/Program Files/dotnet/, mtime 1732510344): 8 files, no impossibilities.
# C:\Program Files (x86)\Common Files\Oracle\Java\java8path (key C:/Program Files (x86)/Common Files/Oracle/Java/java8path, mtime 1745428570): 5 files, no impossibilities.
# C:\WINDOWS\AtlasModules\Scripts (key C:/WINDOWS/AtlasModules/Scripts, mtime 1730360171): 13 files, no impossibilities.
# C:\MinGW\bin (key C:/MinGW/bin, mtime 1731472007): 470 files, no impossibilities.
# C:\Program Files\BellSoft\LibericaJDK-21\bin\ (key C:/Program Files/BellSoft/LibericaJDK-21/bin/, mtime 1730367284): 128 files, no impossibilities.
# C:\WINDOWS\AtlasModules\Tools 
 (key C:/WINDOWS/AtlasModules/Tools, mtime 1730360171): 4 files, no impossibilities.
# C:\WINDOWS\System32\OpenSSH\: could not be stat'd.
# C:\Program Files (x86)\Common Files\Oracle\Java\javapath: could not be stat'd.
# C:\WINDOWS (key C:/WINDOWS, mtime 1747625253): 129 files, no impossibilities.
# src/src (key (null), mtime 0): No files, 1 impossibilities.
# C:\Program Files\Razer\ChromaBroadcast\bin: could not be stat'd.
# C:\Program Files\Razer Chroma SDK\bin: could not be stat'd.
# src (key c:/Users/Al 
240/Documents/GitHub/eecs22l-hw3/src, mtime 1747714872): No files, no impossibilities so far.
# C:\Users\Al240\AppData\Local\Programs\Microsoft VS Code\bin (key C:/Users/Al240/AppData/Local/Programs/Microsoft VS Code/bin, mtime 1747712068): 5 files, no impossibilities.
# C:\Program Files\Git\cmd (key C:/Program Files/Git/cmd, mtime 1735024691): 13 files, no impossibilities.
# C:\WINDOWS\system32 (key C:/WINDOWS/system32, mtime 1747703919): 3085 files, no impossibilities.
# C:\Program Files\Python313\ (key C:/Program Files/Python313/, mtime 1734667616): 27 files, no impossibilities.
# C:\Program Files\Python313\Scripts\ (key C:/Program Files/Python313/Scripts/, mtime 1734667616): 5 files, no impossibilities.
# C:\Users\Al240\AppData\Local\spicetify (key C:/Users/Al240/AppData/Local/spicetify, mtime 1747283214): 10 files, no impossibilities.
# C:\WINDOWS\system32\config\systemprofile\AppData\Local\Microsoft\WindowsApps: could not be stat'd.

# 4282 files, 1 impossibilities in 29 directories.

# Implicit Rules

 
%.o: src/%.c
#  commands to execute (from `makefile', line 19):
	$(CC) $(CFLAGS) -c $< -o $@
	

# 1 implicit rules, 0 (0.0%) terminal.

# Files

all: rdgg-81013165.exe
#  Phony target (prerequisite of .PHONY).
#  Command-line target.
#  Implicit rule search has not been done.
#  File does not exist.
#  File has not been updated.
# variable set hash-table stats:
# Load=0/32=0%, Rehash=0, Collisions=0/0=0%

# Not a target:
src/main.o:
#  Implicit rule search has been done.
#  File does not exist.
#  File has  
not been updated.
# variable set hash-table stats:
# Load=0/32=0%, Rehash=0, Collisions=0/0=0%

.PHONY: all clean run
#  Implicit rule search has not been done.
#  Modification time never checked.
#  File has not been updated.

# Not a target:
.DEFAULT:
#  Implicit rule search has not been done.
#  Modification time never checked.
#  File has not been updated.

# Not a target:
src/GetReqs.o:
#  Implicit rule search has not been done.
#  Modification time never checked.
#  File has not been updated.

# Not a 
 target:
src/ReportGen.o:
#  Implicit rule search has not been done.
#  Modification time never checked.
#  File has not been updated.

# Not a target:
makefile:
#  Implicit rule search has been done.
#  Last modified 2025-05-19 21:47:50
#  File has been updated.
#  Successfully updated.
# variable set hash-table stats:
# Load=0/32=0%, Rehash=0, Collisions=0/0=0%

rdgg-81013165.exe: src/main.o src/GetReqs.o src/ReportGen.o
#  Implicit rule search has not been done.
#  File does not exist.
#  File has not been updated.
# variable set hash-table stats:
# Load=0/32=0%, Rehash=0, Collisions=0/0=0%
#  commands to execute (from `makefile', line 23):
	$(CC) $(LFLAGS) -o $@ $^
	

# Not a target:
.SUFFIXES:
#  Implicit rule search has not been done.
#  Modification time never checked.
#  File has not been updated.

run: all
#  Phony target (prerequisite of .PHONY).
#  Implicit rule search has not been done.
#  File does not exist.
#  File has not been updated.
#  commands to execute (from `makefile', line 33):
	./rdgg-81013165.exe
	

clean:
#  Phony target (prerequisite of .PHONY).
#  Implicit rule search has not been done.
#  File does not exist.
#  File has not been updated.
#  commands to execute (from `makefile', line 29):
	rm -f $(OBJS) rdgg-81013165.exe
	

# files hash-table stats:
# Load=11/1024=1%, Rehash=0, Collisions=2/33=6%
# VPATH Search Paths

# No `vpath' search paths.

# No general (`VPATH' variable) search path.

# # of strings in strcache: 1
# # of strcache buffers: 1
# strcache size: total = 4096 / max = 4096 / min = 4096 / avg = 4096
# strcache free: total = 4087 / max = 4087 / min = 4087 / avg = 4087

# Finished Make data base on Mon May 19 21:47:59 2025

 
make: *** No rule to make target `src/main.o', needed by `rdgg-81013165.exe'.  Stop.

